<?xml version="1.0" encoding="UTF-8"?>
<testng-results ignored="0" total="3" passed="3" failed="0" skipped="0">
  <reporter-output>
  </reporter-output>
  <suite started-at="2025-01-11T04:29:32 IST" name="Test Suite for Buildout" finished-at="2025-01-11T04:30:09 IST" duration-ms="37891">
    <groups>
    </groups>
    <test started-at="2025-01-11T04:29:32 IST" name="Test Cases for Buildout" finished-at="2025-01-11T04:30:09 IST" duration-ms="37891">
      <class name="demo.TestCases">
        <test-method is-config="true" signature="startBrowser()[pri:0, instance:demo.TestCases@3336e6b6]" started-at="2025-01-11T04:29:32 IST" name="startBrowser" finished-at="2025-01-11T04:29:34 IST" duration-ms="2585" status="PASS">
          <reporter-output>
          </reporter-output>
        </test-method> <!-- startBrowser -->
        <test-method signature="testCase01()[pri:0, instance:demo.TestCases@3336e6b6]" started-at="2025-01-11T04:29:34 IST" name="testCase01" finished-at="2025-01-11T04:29:43 IST" duration-ms="9307" status="PASS">
          <reporter-output>
          </reporter-output>
        </test-method> <!-- testCase01 -->
        <test-method signature="testCase02()[pri:0, instance:demo.TestCases@3336e6b6]" started-at="2025-01-11T04:29:43 IST" name="testCase02" finished-at="2025-01-11T04:29:54 IST" duration-ms="10255" status="PASS">
          <reporter-output>
          </reporter-output>
        </test-method> <!-- testCase02 -->
        <test-method signature="testCase03()[pri:0, instance:demo.TestCases@3336e6b6]" started-at="2025-01-11T04:29:54 IST" name="testCase03" finished-at="2025-01-11T04:30:07 IST" duration-ms="13746" status="PASS">
          <reporter-output>
          </reporter-output>
        </test-method> <!-- testCase03 -->
        <test-method is-config="true" signature="endTest()[pri:0, instance:demo.TestCases@3336e6b6]" started-at="2025-01-11T04:30:08 IST" name="endTest" finished-at="2025-01-11T04:30:09 IST" duration-ms="1936" status="PASS">
          <reporter-output>
          </reporter-output>
        </test-method> <!-- endTest -->
      </class> <!-- demo.TestCases -->
    </test> <!-- Test Cases for Buildout -->
  </suite> <!-- Test Suite for Buildout -->
</testng-results>
